<?xml version="1.0" encoding="UTF-8"?>
<testng-results ignored="0" total="3" passed="3" failed="0" skipped="0">
  <reporter-output>
  </reporter-output>
  <suite started-at="2022-12-16T16:51:02 AST" name="Default suite" finished-at="2022-12-16T16:51:43 AST" duration-ms="41657">
    <groups>
    </groups>
    <test started-at="2022-12-16T16:51:02 AST" name="Default test" finished-at="2022-12-16T16:51:43 AST" duration-ms="41657">
      <class name="Tests.Login">
        <test-method signature="login_test(java.util.HashMap)[pri:0, instance:Tests.Login@40ef3420]" started-at="2022-12-16T16:51:02 AST" name="login_test" data-provider="data_Supplier" finished-at="2022-12-16T16:51:29 AST" duration-ms="26444" status="PASS">
          <params>
            <param index="0">
              <value>
                <![CDATA[{Runmode=Y, ExpectedResult=Failure, Username=amotooricap9@gmail.com, Browser=Chrome, Password=1.23456789E9}]]>
              </value>
            </param>
          </params>
          <reporter-output>
          </reporter-output>
        </test-method> <!-- login_test -->
        <test-method signature="login_test(java.util.HashMap)[pri:0, instance:Tests.Login@40ef3420]" started-at="2022-12-16T16:51:29 AST" name="login_test" data-provider="data_Supplier" finished-at="2022-12-16T16:51:37 AST" duration-ms="8173" status="PASS">
          <params>
            <param index="0">
              <value>
                <![CDATA[{Runmode=Y, ExpectedResult=Success, Username=ahmadibrahim502@yahoo.com, Browser=Firefox, Password=1234512345}]]>
              </value>
            </param>
          </params>
          <reporter-output>
          </reporter-output>
        </test-method> <!-- login_test -->
        <test-method signature="login_test(java.util.HashMap)[pri:0, instance:Tests.Login@40ef3420]" started-at="2022-12-16T16:51:37 AST" name="login_test" data-provider="data_Supplier" finished-at="2022-12-16T16:51:43 AST" duration-ms="6203" status="PASS">
          <params>
            <param index="0">
              <value>
                <![CDATA[{Runmode=Y, ExpectedResult=Success, Username=ahmadalhamad242@yahoo.com, Browser=Edge, Password=123123}]]>
              </value>
            </param>
          </params>
          <reporter-output>
          </reporter-output>
        </test-method> <!-- login_test -->
      </class> <!-- Tests.Login -->
    </test> <!-- Default test -->
  </suite> <!-- Default suite -->
</testng-results>
